mode: set
github.com/holbertonschool-validation/tree/main/module2_task0/awesome-api/main.go:13.13,15.44 2 0
github.com/holbertonschool-validation/tree/main/module2_task0/awesome-api/main.go:18.3,21.58 2 0
github.com/holbertonschool-validation/tree/main/module2_task0/awesome-api/main.go:15.44,17.4 1 0
github.com/holbertonschool-validation/tree/main/module2_task0/awesome-api/main.go:24.32,35.2 4 0
github.com/holbertonschool-validation/tree/main/module2_task0/awesome-api/main.go:37.65,45.2 2 0
github.com/holbertonschool-validation/tree/main/module2_task0/awesome-api/main.go:47.59,55.26 4 1
github.com/holbertonschool-validation/tree/main/module2_task0/awesome-api/main.go:68.3,68.17 1 1
github.com/holbertonschool-validation/tree/main/module2_task0/awesome-api/main.go:73.3,76.57 2 1
github.com/holbertonschool-validation/tree/main/module2_task0/awesome-api/main.go:56.10,58.14 1 0
github.com/holbertonschool-validation/tree/main/module2_task0/awesome-api/main.go:59.10,61.25 1 1
github.com/holbertonschool-validation/tree/main/module2_task0/awesome-api/main.go:62.11,64.41 1 0
github.com/holbertonschool-validation/tree/main/module2_task0/awesome-api/main.go:68.17,70.4 1 0
